2026-04-07 20:54:46,756 [INFO] Scrape session started at 2026-04-07T23:54:46+03:00
2026-04-07 20:54:47,859 [INFO] Circle K: 5 rows
2026-04-07 20:54:49,476 [INFO] Neste: 4 rows
2026-04-07 20:54:51,082 [INFO] Virši: 5 rows
2026-04-07 20:54:53,659 [INFO] Viada: 7 rows
2026-04-07 20:54:54,553 [INFO] KOOL: 0 rows
2026-04-07 20:54:56,459 [INFO] Latvijas Nafta: 4 rows
2026-04-07 20:54:56,478 [INFO] Saved 25 rows to /home/runner/work/fuel-retail-price-tracker-latvia/fuel-retail-price-tracker-latvia/data/fuel_prices_latvia.csv
2026-04-07 20:54:56,478 [INFO] Scrape session finished. New rows: 25
2026-04-08 05:22:18,182 [INFO] Scrape session started at 2026-04-08T08:22:18+03:00
2026-04-08 05:22:18,876 [INFO] Circle K: 5 rows
2026-04-08 05:22:19,988 [INFO] Neste: 4 rows
2026-04-08 05:22:21,130 [INFO] Virši: 5 rows
2026-04-08 05:22:23,697 [INFO] Viada: 7 rows
2026-04-08 05:22:24,380 [INFO] KOOL: 0 rows
2026-04-08 05:22:25,508 [INFO] Latvijas Nafta: 4 rows
2026-04-08 05:22:25,558 [INFO] Saved 50 rows to /home/runner/work/fuel-retail-price-tracker-latvia/fuel-retail-price-tracker-latvia/data/fuel_prices_latvia.csv
2026-04-08 05:22:25,558 [INFO] Scrape session finished. New rows: 25
2026-04-08 07:06:29,591 [INFO] Scrape session started at 2026-04-08T10:06:29+03:00
2026-04-08 07:06:30,569 [INFO] Circle K: 5 rows
2026-04-08 07:06:32,224 [INFO] Neste: 4 rows
2026-04-08 07:06:33,873 [INFO] Virši: 5 rows
2026-04-08 07:06:36,781 [INFO] Viada: 7 rows
2026-04-08 07:06:38,100 [INFO] KOOL: 0 rows
2026-04-08 07:06:39,797 [INFO] Latvijas Nafta: 4 rows
2026-04-08 07:06:39,815 [INFO] Saved 75 rows to /home/runner/work/fuel-retail-price-tracker-latvia/fuel-retail-price-tracker-latvia/data/fuel_prices_latvia.csv
2026-04-08 07:06:39,815 [INFO] Scrape session finished. New rows: 25
2026-04-08 08:31:45,909 [INFO] Scrape session started at 2026-04-08T11:31:45+03:00
2026-04-08 08:31:47,352 [INFO] Circle K: 5 rows
2026-04-08 08:31:48,942 [INFO] Neste: 4 rows
2026-04-08 08:31:50,615 [INFO] Virši: 5 rows
2026-04-08 08:31:53,480 [INFO] Viada: 7 rows
2026-04-08 08:31:54,620 [INFO] KOOL: 0 rows
2026-04-08 08:31:56,396 [INFO] Latvijas Nafta: 4 rows
2026-04-08 08:31:56,418 [INFO] Saved 100 rows to /home/runner/work/fuel-retail-price-tracker-latvia/fuel-retail-price-tracker-latvia/data/fuel_prices_latvia.csv
2026-04-08 08:31:56,418 [INFO] Scrape session finished. New rows: 25
2026-04-08 09:28:58,572 [INFO] Scrape session started at 2026-04-08T12:28:58+03:00
2026-04-08 09:28:58,937 [INFO] Circle K: 5 rows
2026-04-08 09:29:00,163 [INFO] Neste: 4 rows
2026-04-08 09:29:01,321 [INFO] Virši: 5 rows
2026-04-08 09:29:03,476 [INFO] Viada: 7 rows
2026-04-08 09:29:05,316 [INFO] KOOL: 0 rows
2026-04-08 09:29:06,622 [INFO] Latvijas Nafta: 4 rows
2026-04-08 09:29:06,635 [INFO] Saved 125 rows to /home/runner/work/fuel-retail-price-tracker-latvia/fuel-retail-price-tracker-latvia/data/fuel_prices_latvia.csv
2026-04-08 09:29:06,635 [INFO] Scrape session finished. New rows: 25
2026-04-08 11:09:09,516 [INFO] Scrape session started at 2026-04-08T14:09:09+03:00
2026-04-08 11:09:10,399 [INFO] Circle K: 5 rows
2026-04-08 11:09:11,915 [INFO] Neste: 4 rows
2026-04-08 11:09:13,471 [INFO] Virši: 5 rows
2026-04-08 11:09:16,382 [INFO] Viada: 7 rows
2026-04-08 11:09:17,578 [INFO] KOOL: 0 rows
2026-04-08 11:09:19,453 [INFO] Latvijas Nafta: 4 rows
2026-04-08 11:09:19,476 [INFO] Saved 150 rows to /home/runner/work/fuel-retail-price-tracker-latvia/fuel-retail-price-tracker-latvia/data/fuel_prices_latvia.csv
2026-04-08 11:09:19,476 [INFO] Scrape session finished. New rows: 25
2026-04-08 11:17:32,756 [INFO] Scrape session started at 2026-04-08T14:17:32+03:00
2026-04-08 11:17:33,317 [INFO] Circle K: 5 rows
2026-04-08 11:17:34,649 [INFO] Neste: 4 rows
2026-04-08 11:17:35,886 [INFO] Virši: 5 rows
2026-04-08 11:17:38,451 [INFO] Viada: 7 rows
2026-04-08 11:17:39,910 [INFO] KOOL: 0 rows
2026-04-08 11:17:41,264 [INFO] Latvijas Nafta: 4 rows
2026-04-08 11:17:41,286 [INFO] Saved 175 rows to /home/runner/work/fuel-retail-price-tracker-latvia/fuel-retail-price-tracker-latvia/data/fuel_prices_latvia.csv
2026-04-08 11:17:41,286 [INFO] Scrape session finished. New rows: 25
2026-04-08 13:01:10,390 [INFO] Scrape session started at 2026-04-08T16:01:10+03:00
2026-04-08 13:01:11,028 [INFO] Circle K: 5 rows
2026-04-08 13:01:12,315 [INFO] Neste: 4 rows
2026-04-08 13:01:13,288 [INFO] Virši: 5 rows
2026-04-08 13:01:15,814 [INFO] Viada: 7 rows
2026-04-08 13:01:17,072 [INFO] KOOL: 0 rows
2026-04-08 13:01:18,331 [INFO] Latvijas Nafta: 4 rows
2026-04-08 13:01:18,351 [INFO] Saved 200 rows to /home/runner/work/fuel-retail-price-tracker-latvia/fuel-retail-price-tracker-latvia/data/fuel_prices_latvia.csv
2026-04-08 13:01:18,351 [INFO] Scrape session finished. New rows: 25
